2024-09-12 18:32:20,572 [INFO] Activator:176 - 


2024-09-12 18:32:20,574 [INFO] Activator:177 - !SESSION log4j initialized
2024-09-12 18:32:22,158 [ERROR] LogOutputStream:75 - [STDERR_REDIRECT] 
2024-09-12 18:32:25,548 [INFO] LogOutputStream:77 - [STDOUT_REDIRECT] 
2024-09-12 18:32:28,768 [INFO] ApplicationProperties:184 - Using Application install path: /Applications/STM32CubeIDE.app/Contents/Eclipse/plugins/com.st.stm32cube.common.mx_6.12.0.202406281431
2024-09-12 18:32:28,783 [INFO] DbMcusXml:78 - Set database path to: /Applications/STM32CubeIDE.app/Contents/Eclipse/plugins/com.st.stm32cube.common.mx_6.12.0.202406281431//db//mcu/
2024-09-12 18:32:28,783 [INFO] ApiDb:274 - Set plugin database path to: /Applications/STM32CubeIDE.app/Contents/Eclipse/plugins/com.st.stm32cube.common.mx_6.12.0.202406281431//db//plugins/boardmanager/
2024-09-12 18:32:28,784 [WARN] ApiDb:259 - Overriding images path with different value:  => /Applications/STM32CubeIDE.app/Contents/Eclipse/plugins/com.st.stm32cube.common.mx_6.12.0.202406281431//db//plugins/mcufinder/images/
2024-09-12 18:32:28,794 [INFO] ApiDb:250 - Set database path to: /Users/zeynepkaplan/.stmcufinder/plugins/mcufinder//mcu/
2024-09-12 18:32:28,795 [INFO] DbMcusAds:125 - Set database path to: /Users/zeynepkaplan/.stmcufinder/plugins/mcufinder//mcu/
2024-09-12 18:32:28,797 [INFO] CrossReferenceDbSqlite:203 - Set database path to: /Users/zeynepkaplan/.stmcufinder/plugins/mcufinder//mcu/cs/
2024-09-12 18:32:28,968 [INFO] RulesReader:64 - Compatibility file has been processed (297 Rules)
2024-09-12 18:32:29,073 [INFO] DbMcusXml:78 - Set database path to: /Applications/STM32CubeIDE.app/Contents/Eclipse/plugins/com.st.stm32cube.common.mx_6.12.0.202406281431//db//mcu/
2024-09-12 18:32:29,073 [INFO] ApiDb:274 - Set plugin database path to: /Applications/STM32CubeIDE.app/Contents/Eclipse/plugins/com.st.stm32cube.common.mx_6.12.0.202406281431//db//plugins/boardmanager/
2024-09-12 18:32:29,073 [INFO] ApiDb:261 - Set plugin images path to: /Applications/STM32CubeIDE.app/Contents/Eclipse/plugins/com.st.stm32cube.common.mx_6.12.0.202406281431//db//plugins/mcufinder/images/
2024-09-12 18:32:29,074 [WARN] DbFile:41 - Overriding database path with different value: /Users/zeynepkaplan/.stmcufinder/plugins/mcufinder/ => /Users/zeynepkaplan/.stmcufinder/plugins/mcufinder
2024-09-12 18:32:29,074 [INFO] ApiDb:250 - Set database path to: /Users/zeynepkaplan/.stmcufinder/plugins/mcufinder//mcu/
2024-09-12 18:32:29,074 [WARN] DbFile:41 - Overriding database path with different value: /Users/zeynepkaplan/.stmcufinder/plugins/mcufinder/ => /Users/zeynepkaplan/.stmcufinder/plugins/mcufinder
2024-09-12 18:32:29,074 [INFO] DbMcusAds:125 - Set database path to: /Users/zeynepkaplan/.stmcufinder/plugins/mcufinder//mcu/
2024-09-12 18:32:29,074 [WARN] DbFile:41 - Overriding database path with different value: /Users/zeynepkaplan/.stmcufinder/plugins/mcufinder/ => /Users/zeynepkaplan/.stmcufinder/plugins/mcufinder
2024-09-12 18:32:29,074 [WARN] DbFile:41 - Overriding database path with different value: /Users/zeynepkaplan/.stmcufinder/plugins/mcufinder/ => /Users/zeynepkaplan/.stmcufinder/plugins/mcufinder
2024-09-12 18:32:29,074 [INFO] CrossReferenceDbSqlite:203 - Set database path to: /Users/zeynepkaplan/.stmcufinder/plugins/mcufinder//mcu/cs/
2024-09-12 18:32:29,197 [INFO] MainPanel:268 - HeapMemory: 268435456
2024-09-12 18:32:30,757 [INFO] DbMcusXml:78 - Set database path to: /Applications/STM32CubeIDE.app/Contents/Eclipse/plugins/com.st.stm32cube.common.mx_6.12.0.202406281431//db//mcu/
2024-09-12 18:32:30,758 [INFO] ApiDb:274 - Set plugin database path to: /Applications/STM32CubeIDE.app/Contents/Eclipse/plugins/com.st.stm32cube.common.mx_6.12.0.202406281431//db//plugins/boardmanager/
2024-09-12 18:32:30,758 [INFO] ApiDb:261 - Set plugin images path to: /Applications/STM32CubeIDE.app/Contents/Eclipse/plugins/com.st.stm32cube.common.mx_6.12.0.202406281431//db//plugins/mcufinder/images/
2024-09-12 18:32:30,764 [WARN] DbFile:41 - Overriding database path with different value: /Users/zeynepkaplan/.stmcufinder/plugins/mcufinder/ => /Users/zeynepkaplan/.stmcufinder/plugins/mcufinder
2024-09-12 18:32:30,764 [INFO] ApiDb:250 - Set database path to: /Users/zeynepkaplan/.stmcufinder/plugins/mcufinder//mcu/
2024-09-12 18:32:30,764 [WARN] DbFile:41 - Overriding database path with different value: /Users/zeynepkaplan/.stmcufinder/plugins/mcufinder/ => /Users/zeynepkaplan/.stmcufinder/plugins/mcufinder
2024-09-12 18:32:30,764 [INFO] DbMcusAds:125 - Set database path to: /Users/zeynepkaplan/.stmcufinder/plugins/mcufinder//mcu/
2024-09-12 18:32:30,765 [WARN] DbFile:41 - Overriding database path with different value: /Users/zeynepkaplan/.stmcufinder/plugins/mcufinder/ => /Users/zeynepkaplan/.stmcufinder/plugins/mcufinder
2024-09-12 18:32:30,765 [WARN] DbFile:41 - Overriding database path with different value: /Users/zeynepkaplan/.stmcufinder/plugins/mcufinder/ => /Users/zeynepkaplan/.stmcufinder/plugins/mcufinder
2024-09-12 18:32:30,765 [INFO] CrossReferenceDbSqlite:203 - Set database path to: /Users/zeynepkaplan/.stmcufinder/plugins/mcufinder//mcu/cs/
2024-09-12 18:32:30,870 [INFO] ApplicationProperties:184 - Using Application install path: /Applications/STM32CubeIDE.app/Contents/Eclipse/plugins/com.st.stm32cube.common.mx_6.12.0.202406281431
2024-09-12 18:32:30,875 [INFO] PluginManage:196 - Search for loadable plugins [exclusion list=, ]
2024-09-12 18:32:30,881 [INFO] PluginManage:310 - Check plugin analytics
2024-09-12 18:32:30,893 [ERROR] LogOutputStream:75 - [STDERR_REDIRECT] [Fatal Error] :2:10: DOCTYPE is disallowed when the feature "http://apache.org/xml/features/disallow-doctype-decl" set to true.
2024-09-12 18:32:30,913 [ERROR] LogOutputStream:75 - [STDERR_REDIRECT] 
2024-09-12 18:32:31,203 [INFO] AnalyticsPlugin:253 - Accepted Software Licenses: 
2024-09-12 18:32:31,204 [INFO] AnalyticsPlugin:255 - Accepted CMSIS Pack Licenses: 
2024-09-12 18:32:31,204 [INFO] AnalyticsPlugin:257 - Accepted Firmware Licenses: FW.F4.1.28.0
2024-09-12 18:32:31,218 [INFO] PluginManage:359 - Loaded plugin analytics (category:tool,tabindex:-1)
2024-09-12 18:32:31,219 [INFO] PluginManage:310 - Check plugin cadmodel
2024-09-12 18:32:31,233 [INFO] CADModel:105 - Init CAD model plugin
2024-09-12 18:32:31,233 [INFO] PluginManage:359 - Loaded plugin cadmodel (category:power,tabindex:5)
2024-09-12 18:32:31,234 [INFO] PluginManage:310 - Check plugin clock
2024-09-12 18:32:31,247 [INFO] PluginManage:359 - Loaded plugin clock (category:base,tabindex:2)
2024-09-12 18:32:31,248 [INFO] PluginManage:310 - Check plugin ddr
2024-09-12 18:32:31,250 [INFO] PluginManage:359 - Loaded plugin ddr (category:tool,tabindex:6)
2024-09-12 18:32:31,250 [INFO] PluginManage:310 - Check plugin filemanager
2024-09-12 18:32:31,462 [INFO] PluginManage:359 - Loaded plugin filemanager (category:base,tabindex:10)
2024-09-12 18:32:31,463 [INFO] PluginManage:310 - Check plugin ipmanager
2024-09-12 18:32:31,477 [INFO] PluginManage:359 - Loaded plugin ipmanager (category:base,tabindex:5)
2024-09-12 18:32:31,478 [INFO] PluginManage:310 - Check plugin lpbam
2024-09-12 18:32:31,634 [INFO] PluginManage:359 - Loaded plugin lpbam (category:base,tabindex:0)
2024-09-12 18:32:31,639 [INFO] PluginManage:310 - Check plugin memorymap
2024-09-12 18:32:31,724 [INFO] PluginManage:359 - Loaded plugin memorymap (category:base,tabindex:4)
2024-09-12 18:32:31,724 [INFO] PluginManage:310 - Check plugin pinoutandconfiguration
2024-09-12 18:32:31,732 [INFO] PluginManage:359 - Loaded plugin pinoutandconfiguration (category:base,tabindex:1)
2024-09-12 18:32:31,732 [INFO] PluginManage:310 - Check plugin pinoutconfig
2024-09-12 18:32:31,882 [WARN] SupportedApi:132 - Cannot load RTOS API schema: s4s-elt-must-match.1: The content of 'definitions' must match (annotation?, (simpleType | complexType)?, (unique | key | keyref)*)). A problem was found starting at: attribute.
2024-09-12 18:32:32,137 [INFO] PluginManage:359 - Loaded plugin pinoutconfig (category:base,tabindex:0)
2024-09-12 18:32:32,140 [INFO] PluginManage:310 - Check plugin power
2024-09-12 18:32:32,167 [INFO] PluginManage:359 - Loaded plugin power (category:power,tabindex:4)
2024-09-12 18:32:32,167 [INFO] PluginManage:310 - Check plugin projectmanager
2024-09-12 18:32:32,208 [INFO] PluginManage:359 - Loaded plugin projectmanager (category:projectmanager,tabindex:4)
2024-09-12 18:32:32,208 [INFO] PluginManage:310 - Check plugin rif
2024-09-12 18:32:32,219 [INFO] PluginManage:359 - Loaded plugin rif (category:base,tabindex:3)
2024-09-12 18:32:32,219 [INFO] PluginManage:310 - Check plugin thirdparty
2024-09-12 18:32:33,346 [INFO] PluginManage:359 - Loaded plugin thirdparty (category:base,tabindex:-1)
2024-09-12 18:32:33,353 [INFO] PluginManage:310 - Check plugin tools
2024-09-12 18:32:33,346 [WARN] IntegrityCheckThread:84 - waiting for thirdparty lock release [integrity check]
2024-09-12 18:32:33,354 [INFO] IntegrityCheckThread:86 - entering critical section [integrity check]
2024-09-12 18:32:33,369 [INFO] ThirdPartyUpdaterWithRetryManager:70 - Updater plugin not ready yet. [1/15]
2024-09-12 18:32:33,378 [INFO] PluginManage:359 - Loaded plugin tools (category:base,tabindex:7)
2024-09-12 18:32:33,379 [INFO] PluginManage:310 - Check plugin tutovideos
2024-09-12 18:32:33,641 [INFO] PluginManage:359 - Loaded plugin tutovideos (category:base,tabindex:-1)
2024-09-12 18:32:33,643 [INFO] PluginManage:310 - Check plugin updater
2024-09-12 18:32:33,683 [INFO] PluginManage:359 - Loaded plugin updater (category:base,tabindex:12)
2024-09-12 18:32:33,683 [INFO] PluginManage:310 - Check plugin userauth
2024-09-12 18:32:33,699 [INFO] UserAuth:113 - Init User Auth plugin
2024-09-12 18:32:33,699 [INFO] PluginManage:359 - Loaded plugin userauth (category:base,tabindex:14)
2024-09-12 18:32:33,702 [INFO] PluginManage:283 - PluginManage : Loaded plugins [18]
2024-09-12 18:32:34,048 [INFO] PinOutPanel:1561 - setPackage(No Configuration,No Configuration)
2024-09-12 18:32:34,168 [INFO] CADModel:165 - CPN selected for project level
2024-09-12 18:32:34,169 [INFO] CADModel:114 - Register for checkConnection events
2024-09-12 18:32:34,186 [INFO] IPUIPlugin:80 - create IPUIPlugin
2024-09-12 18:32:34,187 [INFO] PluginManager:220 - loadIPPluginJar : add mdma
2024-09-12 18:32:34,193 [INFO] IPUIPlugin:80 - create IPUIPlugin
2024-09-12 18:32:34,194 [INFO] PluginManager:220 - loadIPPluginJar : add freertos
2024-09-12 18:32:34,198 [INFO] IPUIPlugin:80 - create IPUIPlugin
2024-09-12 18:32:34,198 [INFO] PluginManager:220 - loadIPPluginJar : add gic
2024-09-12 18:32:34,206 [INFO] IPUIPlugin:80 - create IPUIPlugin
2024-09-12 18:32:34,206 [INFO] PluginManager:220 - loadIPPluginJar : add adc
2024-09-12 18:32:34,209 [INFO] IPUIPlugin:80 - create IPUIPlugin
2024-09-12 18:32:34,209 [INFO] PluginManager:220 - loadIPPluginJar : add gtzc
2024-09-12 18:32:34,211 [INFO] IPUIPlugin:80 - create IPUIPlugin
2024-09-12 18:32:34,211 [INFO] PluginManager:220 - loadIPPluginJar : add quadspi
2024-09-12 18:32:34,213 [INFO] IPUIPlugin:80 - create IPUIPlugin
2024-09-12 18:32:34,213 [INFO] PluginManager:220 - loadIPPluginJar : add aes
2024-09-12 18:32:34,215 [INFO] IPUIPlugin:80 - create IPUIPlugin
2024-09-12 18:32:34,215 [INFO] PluginManager:220 - loadIPPluginJar : add pdm2pcm
2024-09-12 18:32:34,216 [INFO] IPUIPlugin:80 - create IPUIPlugin
2024-09-12 18:32:34,216 [INFO] PluginManager:220 - loadIPPluginJar : add hash
2024-09-12 18:32:34,218 [INFO] IPUIPlugin:80 - create IPUIPlugin
2024-09-12 18:32:34,218 [INFO] PluginManager:220 - loadIPPluginJar : add tim
2024-09-12 18:32:34,219 [INFO] IPUIPlugin:80 - create IPUIPlugin
2024-09-12 18:32:34,219 [INFO] PluginManager:220 - loadIPPluginJar : add tsc
2024-09-12 18:32:34,222 [INFO] IPUIPlugin:80 - create IPUIPlugin
2024-09-12 18:32:34,222 [INFO] PluginManager:220 - loadIPPluginJar : add extmemmanager
2024-09-12 18:32:34,224 [INFO] IPUIPlugin:80 - create IPUIPlugin
2024-09-12 18:32:34,224 [INFO] PluginManager:220 - loadIPPluginJar : add ts
2024-09-12 18:32:34,225 [INFO] IPUIPlugin:80 - create IPUIPlugin
2024-09-12 18:32:34,226 [INFO] PluginManager:220 - loadIPPluginJar : add radio
2024-09-12 18:32:34,227 [INFO] IPUIPlugin:80 - create IPUIPlugin
2024-09-12 18:32:34,227 [INFO] PluginManager:220 - loadIPPluginJar : add can
2024-09-12 18:32:34,229 [INFO] IPUIPlugin:80 - create IPUIPlugin
2024-09-12 18:32:34,229 [INFO] PluginManager:220 - loadIPPluginJar : add dma3
2024-09-12 18:32:34,230 [INFO] IPUIPlugin:80 - create IPUIPlugin
2024-09-12 18:32:34,230 [INFO] PluginManager:220 - loadIPPluginJar : add dfsdm
2024-09-12 18:32:34,231 [INFO] IPUIPlugin:80 - create IPUIPlugin
2024-09-12 18:32:34,232 [INFO] PluginManager:220 - loadIPPluginJar : add spi
2024-09-12 18:32:34,233 [INFO] IPUIPlugin:80 - create IPUIPlugin
2024-09-12 18:32:34,233 [INFO] PluginManager:220 - loadIPPluginJar : add gfxmmu
2024-09-12 18:32:34,237 [INFO] IPUIPlugin:80 - create IPUIPlugin
2024-09-12 18:32:34,237 [INFO] PluginManager:220 - loadIPPluginJar : add genericplugin
2024-09-12 18:32:34,238 [INFO] IPUIPlugin:80 - create IPUIPlugin
2024-09-12 18:32:34,239 [INFO] PluginManager:220 - loadIPPluginJar : add cryp
2024-09-12 18:32:34,243 [INFO] IPUIPlugin:80 - create IPUIPlugin
2024-09-12 18:32:34,243 [INFO] PluginManager:220 - loadIPPluginJar : add gpio
2024-09-12 18:32:34,246 [INFO] IPUIPlugin:80 - create IPUIPlugin
2024-09-12 18:32:34,246 [INFO] PluginManager:220 - loadIPPluginJar : add ddr_ctrl_phy
2024-09-12 18:32:34,247 [INFO] IPUIPlugin:80 - create IPUIPlugin
2024-09-12 18:32:34,247 [INFO] PluginManager:220 - loadIPPluginJar : add comp
2024-09-12 18:32:34,249 [INFO] IPUIPlugin:80 - create IPUIPlugin
2024-09-12 18:32:34,250 [INFO] PluginManager:220 - loadIPPluginJar : add tracer_emb
2024-09-12 18:32:34,251 [INFO] IPUIPlugin:80 - create IPUIPlugin
2024-09-12 18:32:34,252 [INFO] PluginManager:220 - loadIPPluginJar : add openamp
2024-09-12 18:32:34,255 [INFO] IPUIPlugin:80 - create IPUIPlugin
2024-09-12 18:32:34,255 [INFO] PluginManager:220 - loadIPPluginJar : add stm32_wpan
2024-09-12 18:32:34,259 [INFO] IPUIPlugin:80 - create IPUIPlugin
2024-09-12 18:32:34,263 [INFO] PluginManager:220 - loadIPPluginJar : add plateformsettings
2024-09-12 18:32:34,265 [INFO] IPUIPlugin:80 - create IPUIPlugin
2024-09-12 18:32:34,265 [INFO] PluginManager:220 - loadIPPluginJar : add ipddr
2024-09-12 18:32:34,267 [INFO] IPUIPlugin:80 - create IPUIPlugin
2024-09-12 18:32:34,267 [INFO] PluginManager:220 - loadIPPluginJar : add usart
2024-09-12 18:32:34,268 [INFO] IPUIPlugin:80 - create IPUIPlugin
2024-09-12 18:32:34,268 [INFO] PluginManager:220 - loadIPPluginJar : add ltdc
2024-09-12 18:32:34,271 [INFO] IPUIPlugin:80 - create IPUIPlugin
2024-09-12 18:32:34,271 [INFO] PluginManager:220 - loadIPPluginJar : add nvic
2024-09-12 18:32:34,271 [INFO] IPUIPlugin:80 - create IPUIPlugin
2024-09-12 18:32:34,272 [INFO] PluginManager:220 - loadIPPluginJar : add fatfs
2024-09-12 18:32:34,276 [INFO] IPUIPlugin:80 - create IPUIPlugin
2024-09-12 18:32:34,277 [INFO] PluginManager:220 - loadIPPluginJar : add linkedlist
2024-09-12 18:32:34,280 [INFO] IPUIPlugin:80 - create IPUIPlugin
2024-09-12 18:32:34,280 [INFO] PluginManager:220 - loadIPPluginJar : add dma
2024-09-12 18:32:34,283 [INFO] IPUIPlugin:80 - create IPUIPlugin
2024-09-12 18:32:34,283 [INFO] PluginManager:220 - loadIPPluginJar : add fmc
2024-09-12 18:32:34,285 [INFO] IPUIPlugin:80 - create IPUIPlugin
2024-09-12 18:32:34,285 [INFO] PluginManager:220 - loadIPPluginJar : add i2s
2024-09-12 18:32:34,286 [INFO] IPUIPlugin:80 - create IPUIPlugin
2024-09-12 18:32:34,287 [INFO] PluginManager:220 - loadIPPluginJar : add ucpd
2024-09-12 18:32:34,291 [INFO] IPUIPlugin:80 - create IPUIPlugin
2024-09-12 18:32:34,292 [INFO] PluginManager:220 - loadIPPluginJar : add lorawan
2024-09-12 18:32:34,295 [INFO] IPUIPlugin:80 - create IPUIPlugin
2024-09-12 18:32:34,296 [INFO] PluginManager:220 - loadIPPluginJar : add opamp
2024-09-12 18:32:34,299 [INFO] IPUIPlugin:80 - create IPUIPlugin
2024-09-12 18:32:34,299 [INFO] PluginManager:220 - loadIPPluginJar : add i3c
2024-09-12 18:32:34,302 [INFO] IPUIPlugin:80 - create IPUIPlugin
2024-09-12 18:32:34,303 [INFO] PluginManager:220 - loadIPPluginJar : add touchsensing
2024-09-12 18:32:34,305 [INFO] IPUIPlugin:80 - create IPUIPlugin
2024-09-12 18:32:34,305 [INFO] PluginManager:220 - loadIPPluginJar : add i2c
2024-09-12 18:32:34,307 [INFO] IPUIPlugin:80 - create IPUIPlugin
2024-09-12 18:32:34,307 [INFO] PluginManager:220 - loadIPPluginJar : add resmgrutility
2024-09-12 18:32:34,309 [INFO] IPUIPlugin:80 - create IPUIPlugin
2024-09-12 18:32:34,310 [INFO] PluginManager:220 - loadIPPluginJar : add sai
2024-09-12 18:32:34,311 [INFO] IPUIPlugin:80 - create IPUIPlugin
2024-09-12 18:32:34,312 [INFO] PluginManager:220 - loadIPPluginJar : add usbx
2024-09-12 18:32:34,437 [INFO] CADModel:165 - CPN selected for project level
2024-09-12 18:32:34,438 [INFO] CADModel:114 - Register for checkConnection events
2024-09-12 18:32:34,439 [FATAL] Updater:334 - Updater called before beeing initialized
2024-09-12 18:32:34,439 [ERROR] CADModel:125 - Updater not yet initialized, retry later 
2024-09-12 18:32:34,744 [INFO] CADModel:165 - CPN selected for project level
2024-09-12 18:32:34,744 [INFO] CADModel:114 - Register for checkConnection events
2024-09-12 18:32:34,744 [FATAL] Updater:334 - Updater called before beeing initialized
2024-09-12 18:32:34,744 [ERROR] CADModel:125 - Updater not yet initialized, retry later 
2024-09-12 18:32:34,748 [FATAL] Updater:334 - Updater called before beeing initialized
2024-09-12 18:32:34,944 [FATAL] Updater:334 - Updater called before beeing initialized
2024-09-12 18:32:34,950 [INFO] DbMcusAds:53 - JSON generation date=Thu May 16 12:22:00 TRT 2024 (1715851320667)
2024-09-12 18:32:34,950 [FATAL] Updater:334 - Updater called before beeing initialized
2024-09-12 18:32:35,031 [WARN] DetailPanel:346 - Failed to get advertising image, set to default
2024-09-12 18:32:35,139 [FATAL] Updater:334 - Updater called before beeing initialized
2024-09-12 18:32:35,141 [FATAL] Updater:334 - Updater called before beeing initialized
2024-09-12 18:32:35,142 [FATAL] Updater:334 - Updater called before beeing initialized
2024-09-12 18:32:35,142 [WARN] DetailPanel:346 - Failed to get advertising image, set to default
2024-09-12 18:32:35,143 [FATAL] Updater:334 - Updater called before beeing initialized
2024-09-12 18:32:35,243 [ERROR] Updater:1164 - MainUpdater not yet initialized. External WinMGr cannot be set.
2024-09-12 18:32:35,254 [INFO] Updater:1100 - Updater Version found : 6.12.0
2024-09-12 18:32:35,273 [INFO] ApplicationProperties:184 - Using Application install path: /Applications/STM32CubeIDE.app/Contents/Eclipse/plugins/com.st.stm32cube.common.mx_6.12.0.202406281431
2024-09-12 18:32:35,688 [INFO] MainUpdater:2873 - connection check result : 10
2024-09-12 18:32:35,689 [INFO] MainUpdater:290 - Updater Check For Update Now.
2024-09-12 18:32:35,689 [INFO] MicroXplorer:498 - Change Database Version : DB.6.0.120
2024-09-12 18:32:35,697 [INFO] McuFinderGlobals:63 - Set McuFinder mode to 2 (CubeIDE integrated)
2024-09-12 18:32:35,697 [INFO] UserAuth:179 - activating auth plugin
2024-09-12 18:32:35,714 [INFO] UserAuth:417 - Internet connection configuration mode: 1
2024-09-12 18:32:35,727 [INFO] JxBrowserEngine:152 - Initiate JxBrowser Engine with user profile folder
2024-09-12 18:32:36,010 [INFO] CheckServerUpdateThread:120 - End of CheckServer Thread
2024-09-12 18:32:36,583 [WARN] PackLoader:240 - Cannot read IP mode file for STMicroelectronics.FP-SNS-MOTENVWB1.1.4.0
2024-09-12 18:32:36,638 [WARN] PackLoader:240 - Cannot read IP mode file for STMicroelectronics.X-CUBE-SMBUS.2.1.0
2024-09-12 18:32:36,767 [WARN] PackLoader:240 - Cannot read IP mode file for STMicroelectronics.X-CUBE-AZRTOS-F7.1.1.0
2024-09-12 18:32:37,003 [WARN] PackLoader:240 - Cannot read IP mode file for STMicroelectronics.X-CUBE-MEMS1.11.0.0
2024-09-12 18:32:37,695 [WARN] PackLoader:240 - Cannot read IP mode file for STMicroelectronics.FP-SNS-FLIGHT1.5.0.2
2024-09-12 18:32:37,820 [WARN] PackLoader:240 - Cannot read IP mode file for STMicroelectronics.X-CUBE-DISPLAY.3.0.0
2024-09-12 18:32:37,947 [WARN] PackLoader:240 - Cannot read IP mode file for STMicroelectronics.X-CUBE-BLE1.7.0.0
2024-09-12 18:32:38,036 [WARN] PackLoader:240 - Cannot read IP mode file for emotas.I-CUBE-CANOPEN.1.3.0
2024-09-12 18:32:38,104 [WARN] PackLoader:240 - Cannot read IP mode file for STMicroelectronics.X-CUBE-BLEMGR.3.1.0
2024-09-12 18:32:38,140 [WARN] PackLoader:240 - Cannot read IP mode file for STMicroelectronics.FP-SNS-SMARTAG2.1.2.0
2024-09-12 18:32:38,173 [INFO] LogOutputStream:77 - [STDOUT_REDIRECT] 1 : Invalid condition id : UX_CORESTACK_Condition cause : null
2024-09-12 18:32:38,180 [INFO] LogOutputStream:77 - [STDOUT_REDIRECT] 1 : Invalid condition id : UX_CORESTACK_Condition cause : null
2024-09-12 18:32:38,187 [INFO] LogOutputStream:77 - [STDOUT_REDIRECT] 1 : Invalid condition id : UX_CORESTACK_Condition cause : null
2024-09-12 18:32:38,187 [INFO] LogOutputStream:77 - [STDOUT_REDIRECT] 1 : Invalid condition id : UX_CORESTACK_Condition cause : null
2024-09-12 18:32:38,187 [INFO] LogOutputStream:77 - [STDOUT_REDIRECT] 1 : Invalid condition id : UX_CORESTACK_Condition cause : null
2024-09-12 18:32:38,217 [WARN] PackLoader:240 - Cannot read IP mode file for STMicroelectronics.X-CUBE-AZRTOS-WL.2.0.0
2024-09-12 18:32:38,234 [WARN] PackLoader:240 - Cannot read IP mode file for STMicroelectronics.FP-SNS-MOTENV1.5.0.0
2024-09-12 18:32:38,254 [WARN] PackLoader:240 - Cannot read IP mode file for wolfSSL.I-CUBE-wolfMQTT.1.19.0
2024-09-12 18:32:38,274 [WARN] PackLoader:240 - Cannot read IP mode file for WES.I-CUBE-Cesium.1.3.0
2024-09-12 18:32:38,305 [WARN] PackLoader:240 - Cannot read IP mode file for STMicroelectronics.X-CUBE-BLE2.3.3.0
2024-09-12 18:32:38,326 [WARN] PackLoader:240 - Cannot read IP mode file for STMicroelectronics.X-CUBE-TCPP.4.1.0
2024-09-12 18:32:38,392 [WARN] PackLoader:240 - Cannot read IP mode file for STMicroelectronics.X-CUBE-AZRTOS-G0.1.1.0
2024-09-12 18:32:38,435 [WARN] PackLoader:240 - Cannot read IP mode file for STMicroelectronics.X-CUBE-SAFEA1.1.2.2
2024-09-12 18:32:38,462 [WARN] PackLoader:240 - Cannot read IP mode file for STMicroelectronics.X-CUBE-NFC4.3.0.0
2024-09-12 18:32:38,543 [WARN] PackLoader:240 - Cannot read IP mode file for EmbeddedOffice.I-CUBE-FS-RTOS.1.0.1
2024-09-12 18:32:38,548 [ERROR] ConditionMgr:805 - Attr not supported : Dmpu
2024-09-12 18:32:38,554 [ERROR] ConditionMgr:805 - Attr not supported : Dmpu
2024-09-12 18:32:38,556 [ERROR] ConditionMgr:805 - Attr not supported : Dmpu
2024-09-12 18:32:38,563 [ERROR] ConditionMgr:805 - Attr not supported : Dmpu
2024-09-12 18:32:38,563 [ERROR] ConditionMgr:805 - Attr not supported : Dmpu
2024-09-12 18:32:38,564 [ERROR] ConditionMgr:805 - Attr not supported : Dmpu
2024-09-12 18:32:38,564 [ERROR] ConditionMgr:805 - Attr not supported : Dmpu
2024-09-12 18:32:38,564 [ERROR] ConditionMgr:805 - Attr not supported : Dmpu
2024-09-12 18:32:38,564 [ERROR] ConditionMgr:805 - Attr not supported : Dmpu
2024-09-12 18:32:38,564 [ERROR] ConditionMgr:805 - Attr not supported : Dmpu
2024-09-12 18:32:38,565 [ERROR] ConditionMgr:805 - Attr not supported : Dmpu
2024-09-12 18:32:38,566 [ERROR] ConditionMgr:805 - Attr not supported : Dmpu
2024-09-12 18:32:38,567 [ERROR] ConditionMgr:805 - Attr not supported : Dmpu
2024-09-12 18:32:38,567 [ERROR] ConditionMgr:805 - Attr not supported : Dmpu
2024-09-12 18:32:38,567 [ERROR] ConditionMgr:805 - Attr not supported : Dmpu
2024-09-12 18:32:38,567 [ERROR] ConditionMgr:805 - Attr not supported : Dmpu
2024-09-12 18:32:38,567 [ERROR] ConditionMgr:805 - Attr not supported : Dmpu
2024-09-12 18:32:38,568 [ERROR] ConditionMgr:805 - Attr not supported : Dmpu
2024-09-12 18:32:38,568 [ERROR] ConditionMgr:805 - Attr not supported : Dmpu
2024-09-12 18:32:38,568 [ERROR] ConditionMgr:805 - Attr not supported : Dmpu
2024-09-12 18:32:38,568 [ERROR] ConditionMgr:805 - Attr not supported : Dmpu
2024-09-12 18:32:38,568 [ERROR] ConditionMgr:805 - Attr not supported : Dmpu
2024-09-12 18:32:38,568 [ERROR] ConditionMgr:805 - Attr not supported : Dmpu
2024-09-12 18:32:38,569 [ERROR] ConditionMgr:805 - Attr not supported : Dmpu
2024-09-12 18:32:38,569 [ERROR] ConditionMgr:805 - Attr not supported : Dmpu
2024-09-12 18:32:38,570 [ERROR] ConditionMgr:805 - Attr not supported : Dmpu
2024-09-12 18:32:38,570 [ERROR] ConditionMgr:805 - Attr not supported : Dmpu
2024-09-12 18:32:38,570 [ERROR] ConditionMgr:805 - Attr not supported : Dmpu
2024-09-12 18:32:38,570 [ERROR] ConditionMgr:805 - Attr not supported : Dmpu
2024-09-12 18:32:38,570 [ERROR] ConditionMgr:805 - Attr not supported : Dmpu
2024-09-12 18:32:38,570 [ERROR] ConditionMgr:805 - Attr not supported : Dmpu
2024-09-12 18:32:38,570 [ERROR] ConditionMgr:805 - Attr not supported : Dmpu
2024-09-12 18:32:38,570 [ERROR] ConditionMgr:805 - Attr not supported : Dmpu
2024-09-12 18:32:38,571 [ERROR] ConditionMgr:805 - Attr not supported : Dmpu
2024-09-12 18:32:38,571 [ERROR] ConditionMgr:805 - Attr not supported : Dmpu
2024-09-12 18:32:38,572 [ERROR] ConditionMgr:805 - Attr not supported : Dmpu
2024-09-12 18:32:38,576 [ERROR] ConditionMgr:805 - Attr not supported : Dmpu
2024-09-12 18:32:38,582 [ERROR] ConditionMgr:805 - Attr not supported : Dmpu
2024-09-12 18:32:38,583 [ERROR] ConditionMgr:805 - Attr not supported : Dmpu
2024-09-12 18:32:38,583 [ERROR] ConditionMgr:805 - Attr not supported : Dmpu
2024-09-12 18:32:38,583 [ERROR] ConditionMgr:805 - Attr not supported : Dmpu
2024-09-12 18:32:38,583 [ERROR] ConditionMgr:805 - Attr not supported : Dmpu
2024-09-12 18:32:38,583 [ERROR] ConditionMgr:805 - Attr not supported : Dmpu
2024-09-12 18:32:38,583 [ERROR] ConditionMgr:805 - Attr not supported : Dmpu
2024-09-12 18:32:38,583 [ERROR] ConditionMgr:805 - Attr not supported : Dmpu
2024-09-12 18:32:38,583 [ERROR] ConditionMgr:805 - Attr not supported : Dmpu
2024-09-12 18:32:38,583 [ERROR] ConditionMgr:805 - Attr not supported : Dmpu
2024-09-12 18:32:38,583 [ERROR] ConditionMgr:805 - Attr not supported : Dmpu
2024-09-12 18:32:38,584 [ERROR] ConditionMgr:805 - Attr not supported : Dmpu
2024-09-12 18:32:38,584 [ERROR] ConditionMgr:805 - Attr not supported : Dmpu
2024-09-12 18:32:38,584 [ERROR] ConditionMgr:805 - Attr not supported : Dmpu
2024-09-12 18:32:38,584 [ERROR] ConditionMgr:805 - Attr not supported : Dmpu
2024-09-12 18:32:38,584 [ERROR] ConditionMgr:805 - Attr not supported : Dmpu
2024-09-12 18:32:38,584 [ERROR] ConditionMgr:805 - Attr not supported : Dmpu
2024-09-12 18:32:38,584 [ERROR] ConditionMgr:805 - Attr not supported : Dmpu
2024-09-12 18:32:38,584 [ERROR] ConditionMgr:805 - Attr not supported : Dmpu
2024-09-12 18:32:38,584 [ERROR] ConditionMgr:805 - Attr not supported : Dmpu
2024-09-12 18:32:38,584 [ERROR] ConditionMgr:805 - Attr not supported : Dmpu
2024-09-12 18:32:38,584 [ERROR] ConditionMgr:805 - Attr not supported : Dmpu
2024-09-12 18:32:38,584 [ERROR] ConditionMgr:805 - Attr not supported : Dmpu
2024-09-12 18:32:38,584 [ERROR] ConditionMgr:805 - Attr not supported : Dmpu
2024-09-12 18:32:38,584 [ERROR] ConditionMgr:805 - Attr not supported : Dmpu
2024-09-12 18:32:38,584 [ERROR] ConditionMgr:805 - Attr not supported : Dmpu
2024-09-12 18:32:38,584 [ERROR] ConditionMgr:805 - Attr not supported : Dmpu
2024-09-12 18:32:38,603 [WARN] PackLoader:240 - Cannot read IP mode file for RealThread.X-CUBE-RT-Thread_Nano.4.1.1
2024-09-12 18:32:38,619 [WARN] PackLoader:240 - Cannot read IP mode file for STMicroelectronics.FP-ATR-SIGFOX1.3.2.0
2024-09-12 18:32:38,643 [WARN] PackLoader:240 - Cannot read IP mode file for wolfSSL.I-CUBE-wolfSSL.5.7.2
2024-09-12 18:32:38,655 [WARN] PackLoader:240 - Cannot read IP mode file for STMicroelectronics.X-CUBE-EEPRMA1.5.1.0
2024-09-12 18:32:38,664 [WARN] PackLoader:240 - Cannot read IP mode file for ITTIA_DB.I-CUBE-ITTIADB.8.9.0
2024-09-12 18:32:38,801 [WARN] PackLoader:240 - Cannot read IP mode file for SEGGER.I-CUBE-embOS.1.3.1
2024-09-12 18:32:38,909 [WARN] PackLoader:240 - Cannot read IP mode file for STMicroelectronics.X-CUBE-ALGOBUILD.1.4.0
2024-09-12 18:32:38,922 [WARN] PackLoader:240 - Cannot read IP mode file for STMicroelectronics.X-CUBE-GNSS1.6.0.0
2024-09-12 18:32:38,963 [WARN] PackLoader:240 - Cannot read IP mode file for STMicroelectronics.X-CUBE-AZRTOS-F4.1.1.0
2024-09-12 18:32:39,007 [WARN] PackLoader:240 - Cannot read IP mode file for STMicroelectronics.X-CUBE-FREERTOS.1.2.0
2024-09-12 18:32:39,081 [WARN] PackLoader:240 - Cannot read IP mode file for STMicroelectronics.X-CUBE-AZRTOS-L5.2.0.0
2024-09-12 18:32:39,114 [WARN] PackLoader:240 - Cannot read IP mode file for STMicroelectronics.X-CUBE-NFC6.3.1.0
2024-09-12 18:32:39,131 [WARN] PackLoader:240 - Cannot read IP mode file for STMicroelectronics.X-CUBE-DPower.1.2.0
2024-09-12 18:32:39,141 [WARN] PackLoader:240 - Cannot read IP mode file for STMicroelectronics.X-CUBE-AI.9.0.0
2024-09-12 18:32:39,151 [WARN] PackLoader:240 - Cannot read IP mode file for STMicroelectronics.X-CUBE-NFC7.1.0.1
2024-09-12 18:32:39,158 [WARN] PackLoader:240 - Cannot read IP mode file for wolfSSL.I-CUBE-wolfTPM.3.2.0
2024-09-12 18:32:39,232 [WARN] ConditionMgr:438 - getConditionDescription Invalid condition id : LAN8742 Phy interface Condition cause : null
2024-09-12 18:32:39,236 [WARN] PackLoader:240 - Cannot read IP mode file for STMicroelectronics.X-CUBE-AZRTOS-L4.2.0.0
2024-09-12 18:32:39,243 [WARN] ConditionMgr:1039 - genDependencies : Invalid condition id : LAN8742 Phy interface Condition cause : null
2024-09-12 18:32:39,245 [WARN] ConditionMgr:1039 - genDependencies : Invalid condition id : LAN8742 Phy interface Condition cause : null
2024-09-12 18:32:39,247 [WARN] ConditionMgr:1039 - genDependencies : Invalid condition id : LAN8742 Phy interface Condition cause : null
2024-09-12 18:32:39,277 [WARN] PackLoader:240 - Cannot read IP mode file for STMicroelectronics.X-CUBE-SFXS2LP1.4.0.0
2024-09-12 18:32:39,355 [WARN] PackLoader:240 - Cannot read IP mode file for STMicroelectronics.X-CUBE-AZRTOS-H7.3.3.0
2024-09-12 18:32:39,397 [WARN] ConditionMgr:438 - getConditionDescription Invalid condition id : UX DEVICE CLASS RTOS Condition cause : null
2024-09-12 18:32:39,398 [WARN] ConditionMgr:438 - getConditionDescription Invalid condition id : UX DEVICE CLASS RTOS Condition cause : null
2024-09-12 18:32:39,404 [WARN] PackLoader:240 - Cannot read IP mode file for STMicroelectronics.X-CUBE-AZRTOS-WB.2.0.0
2024-09-12 18:32:39,406 [WARN] ConditionMgr:1039 - genDependencies : Invalid condition id : UX DEVICE CLASS RTOS Condition cause : null
2024-09-12 18:32:39,406 [WARN] ConditionMgr:1039 - genDependencies : Invalid condition id : UX DEVICE CLASS RTOS Condition cause : null
2024-09-12 18:32:39,407 [WARN] ConditionMgr:1039 - genDependencies : Invalid condition id : UX DEVICE CLASS RTOS Condition cause : null
2024-09-12 18:32:39,408 [WARN] ConditionMgr:1039 - genDependencies : Invalid condition id : UX DEVICE CLASS RTOS Condition cause : null
2024-09-12 18:32:39,408 [WARN] ConditionMgr:1039 - genDependencies : Invalid condition id : UX DEVICE CLASS RTOS Condition cause : null
2024-09-12 18:32:39,419 [WARN] PackLoader:240 - Cannot read IP mode file for STMicroelectronics.X-CUBE-GNSS1.7.0.0
2024-09-12 18:32:39,440 [WARN] PackLoader:240 - Cannot read IP mode file for STMicroelectronics.FP-SNS-STBOX1.2.0.0
2024-09-12 18:32:39,469 [WARN] PackLoader:240 - Cannot read IP mode file for STMicroelectronics.X-CUBE-SUBG2.5.0.0
2024-09-12 18:32:39,484 [WARN] PackLoader:240 - Cannot read IP mode file for Cesanta.I-CUBE-Mongoose.7.13.0
2024-09-12 18:32:39,517 [WARN] PackLoader:240 - Cannot read IP mode file for STMicroelectronics.X-CUBE-AZRTOS-G4.2.0.0
2024-09-12 18:32:39,530 [WARN] PackLoader:240 - Cannot read IP mode file for STMicroelectronics.X-CUBE-ISPU.2.0.0
2024-09-12 18:32:39,536 [WARN] PackLoader:240 - Cannot read IP mode file for STMicroelectronics.X-CUBE-ALS.1.0.2
2024-09-12 18:32:39,656 [WARN] PackLoader:240 - Cannot read IP mode file for STMicroelectronics.X-CUBE-MEMS1.10.0.0
2024-09-12 18:34:13,325 [INFO] Activator:176 - 


2024-09-12 18:34:13,328 [INFO] Activator:177 - !SESSION log4j initialized
2024-09-12 18:34:15,408 [INFO] LogOutputStream:77 - [STDOUT_REDIRECT] 
2024-09-12 18:34:16,456 [ERROR] LogOutputStream:75 - [STDERR_REDIRECT] 
2024-09-12 18:34:18,834 [INFO] LogOutputStream:77 - [STDOUT_REDIRECT] 
2024-09-12 18:34:23,265 [INFO] ApplicationProperties:184 - Using Application install path: /Applications/STM32CubeIDE.app/Contents/Eclipse/plugins/com.st.stm32cube.common.mx_6.12.0.202406281431
2024-09-12 18:34:23,290 [INFO] DbMcusXml:78 - Set database path to: /Applications/STM32CubeIDE.app/Contents/Eclipse/plugins/com.st.stm32cube.common.mx_6.12.0.202406281431//db//mcu/
2024-09-12 18:34:23,290 [INFO] ApiDb:274 - Set plugin database path to: /Applications/STM32CubeIDE.app/Contents/Eclipse/plugins/com.st.stm32cube.common.mx_6.12.0.202406281431//db//plugins/boardmanager/
2024-09-12 18:34:23,294 [WARN] ApiDb:259 - Overriding images path with different value:  => /Applications/STM32CubeIDE.app/Contents/Eclipse/plugins/com.st.stm32cube.common.mx_6.12.0.202406281431//db//plugins/mcufinder/images/
2024-09-12 18:34:23,308 [INFO] ApiDb:250 - Set database path to: /Users/zeynepkaplan/.stmcufinder/plugins/mcufinder//mcu/
2024-09-12 18:34:23,309 [INFO] DbMcusAds:125 - Set database path to: /Users/zeynepkaplan/.stmcufinder/plugins/mcufinder//mcu/
2024-09-12 18:34:23,312 [INFO] CrossReferenceDbSqlite:203 - Set database path to: /Users/zeynepkaplan/.stmcufinder/plugins/mcufinder//mcu/cs/
2024-09-12 18:34:23,628 [INFO] RulesReader:64 - Compatibility file has been processed (297 Rules)
2024-09-12 18:34:23,820 [INFO] DbMcusXml:78 - Set database path to: /Applications/STM32CubeIDE.app/Contents/Eclipse/plugins/com.st.stm32cube.common.mx_6.12.0.202406281431//db//mcu/
2024-09-12 18:34:23,821 [INFO] ApiDb:274 - Set plugin database path to: /Applications/STM32CubeIDE.app/Contents/Eclipse/plugins/com.st.stm32cube.common.mx_6.12.0.202406281431//db//plugins/boardmanager/
2024-09-12 18:34:23,825 [INFO] ApiDb:261 - Set plugin images path to: /Applications/STM32CubeIDE.app/Contents/Eclipse/plugins/com.st.stm32cube.common.mx_6.12.0.202406281431//db//plugins/mcufinder/images/
2024-09-12 18:34:23,826 [WARN] DbFile:41 - Overriding database path with different value: /Users/zeynepkaplan/.stmcufinder/plugins/mcufinder/ => /Users/zeynepkaplan/.stmcufinder/plugins/mcufinder
2024-09-12 18:34:23,826 [INFO] ApiDb:250 - Set database path to: /Users/zeynepkaplan/.stmcufinder/plugins/mcufinder//mcu/
2024-09-12 18:34:23,827 [WARN] DbFile:41 - Overriding database path with different value: /Users/zeynepkaplan/.stmcufinder/plugins/mcufinder/ => /Users/zeynepkaplan/.stmcufinder/plugins/mcufinder
2024-09-12 18:34:23,827 [INFO] DbMcusAds:125 - Set database path to: /Users/zeynepkaplan/.stmcufinder/plugins/mcufinder//mcu/
2024-09-12 18:34:23,827 [WARN] DbFile:41 - Overriding database path with different value: /Users/zeynepkaplan/.stmcufinder/plugins/mcufinder/ => /Users/zeynepkaplan/.stmcufinder/plugins/mcufinder
2024-09-12 18:34:23,827 [WARN] DbFile:41 - Overriding database path with different value: /Users/zeynepkaplan/.stmcufinder/plugins/mcufinder/ => /Users/zeynepkaplan/.stmcufinder/plugins/mcufinder
2024-09-12 18:34:23,828 [INFO] CrossReferenceDbSqlite:203 - Set database path to: /Users/zeynepkaplan/.stmcufinder/plugins/mcufinder//mcu/cs/
2024-09-12 18:34:24,035 [INFO] MainPanel:268 - HeapMemory: 275775488
2024-09-12 18:34:26,063 [INFO] DbMcusXml:78 - Set database path to: /Applications/STM32CubeIDE.app/Contents/Eclipse/plugins/com.st.stm32cube.common.mx_6.12.0.202406281431//db//mcu/
2024-09-12 18:34:26,076 [INFO] ApiDb:274 - Set plugin database path to: /Applications/STM32CubeIDE.app/Contents/Eclipse/plugins/com.st.stm32cube.common.mx_6.12.0.202406281431//db//plugins/boardmanager/
2024-09-12 18:34:26,077 [INFO] ApiDb:261 - Set plugin images path to: /Applications/STM32CubeIDE.app/Contents/Eclipse/plugins/com.st.stm32cube.common.mx_6.12.0.202406281431//db//plugins/mcufinder/images/
2024-09-12 18:34:26,088 [WARN] DbFile:41 - Overriding database path with different value: /Users/zeynepkaplan/.stmcufinder/plugins/mcufinder/ => /Users/zeynepkaplan/.stmcufinder/plugins/mcufinder
2024-09-12 18:34:26,089 [INFO] ApiDb:250 - Set database path to: /Users/zeynepkaplan/.stmcufinder/plugins/mcufinder//mcu/
2024-09-12 18:34:26,089 [WARN] DbFile:41 - Overriding database path with different value: /Users/zeynepkaplan/.stmcufinder/plugins/mcufinder/ => /Users/zeynepkaplan/.stmcufinder/plugins/mcufinder
2024-09-12 18:34:26,089 [INFO] DbMcusAds:125 - Set database path to: /Users/zeynepkaplan/.stmcufinder/plugins/mcufinder//mcu/
2024-09-12 18:34:26,091 [WARN] DbFile:41 - Overriding database path with different value: /Users/zeynepkaplan/.stmcufinder/plugins/mcufinder/ => /Users/zeynepkaplan/.stmcufinder/plugins/mcufinder
2024-09-12 18:34:26,091 [WARN] DbFile:41 - Overriding database path with different value: /Users/zeynepkaplan/.stmcufinder/plugins/mcufinder/ => /Users/zeynepkaplan/.stmcufinder/plugins/mcufinder
2024-09-12 18:34:26,093 [INFO] CrossReferenceDbSqlite:203 - Set database path to: /Users/zeynepkaplan/.stmcufinder/plugins/mcufinder//mcu/cs/
2024-09-12 18:34:26,207 [INFO] ApplicationProperties:184 - Using Application install path: /Applications/STM32CubeIDE.app/Contents/Eclipse/plugins/com.st.stm32cube.common.mx_6.12.0.202406281431
2024-09-12 18:34:26,209 [INFO] PluginManage:196 - Search for loadable plugins [exclusion list=, ]
2024-09-12 18:34:26,215 [INFO] PluginManage:310 - Check plugin analytics
2024-09-12 18:34:26,213 [ERROR] LogOutputStream:75 - [STDERR_REDIRECT] [Fatal Error] :2:10: DOCTYPE is disallowed when the feature "http://apache.org/xml/features/disallow-doctype-decl" set to true.
2024-09-12 18:34:26,248 [ERROR] LogOutputStream:75 - [STDERR_REDIRECT] 
2024-09-12 18:34:26,603 [INFO] AnalyticsPlugin:253 - Accepted Software Licenses: 
2024-09-12 18:34:26,604 [INFO] AnalyticsPlugin:255 - Accepted CMSIS Pack Licenses: 
2024-09-12 18:34:26,604 [INFO] AnalyticsPlugin:257 - Accepted Firmware Licenses: FW.F4.1.28.0
2024-09-12 18:34:26,622 [INFO] PluginManage:359 - Loaded plugin analytics (category:tool,tabindex:-1)
2024-09-12 18:34:26,624 [INFO] PluginManage:310 - Check plugin cadmodel
2024-09-12 18:34:26,647 [INFO] CADModel:105 - Init CAD model plugin
2024-09-12 18:34:26,647 [INFO] PluginManage:359 - Loaded plugin cadmodel (category:power,tabindex:5)
2024-09-12 18:34:26,648 [INFO] PluginManage:310 - Check plugin clock
2024-09-12 18:34:26,662 [INFO] PluginManage:359 - Loaded plugin clock (category:base,tabindex:2)
2024-09-12 18:34:26,662 [INFO] PluginManage:310 - Check plugin ddr
2024-09-12 18:34:26,665 [INFO] PluginManage:359 - Loaded plugin ddr (category:tool,tabindex:6)
2024-09-12 18:34:26,665 [INFO] PluginManage:310 - Check plugin filemanager
2024-09-12 18:34:26,848 [INFO] PluginManage:359 - Loaded plugin filemanager (category:base,tabindex:10)
2024-09-12 18:34:26,848 [INFO] PluginManage:310 - Check plugin ipmanager
2024-09-12 18:34:26,857 [INFO] PluginManage:359 - Loaded plugin ipmanager (category:base,tabindex:5)
2024-09-12 18:34:26,857 [INFO] PluginManage:310 - Check plugin lpbam
2024-09-12 18:34:26,870 [INFO] PluginManage:359 - Loaded plugin lpbam (category:base,tabindex:0)
2024-09-12 18:34:26,870 [INFO] PluginManage:310 - Check plugin memorymap
2024-09-12 18:34:26,880 [INFO] PluginManage:359 - Loaded plugin memorymap (category:base,tabindex:4)
2024-09-12 18:34:26,880 [INFO] PluginManage:310 - Check plugin pinoutandconfiguration
2024-09-12 18:34:26,886 [INFO] PluginManage:359 - Loaded plugin pinoutandconfiguration (category:base,tabindex:1)
2024-09-12 18:34:26,886 [INFO] PluginManage:310 - Check plugin pinoutconfig
2024-09-12 18:34:27,001 [WARN] SupportedApi:132 - Cannot load RTOS API schema: s4s-elt-must-match.1: The content of 'definitions' must match (annotation?, (simpleType | complexType)?, (unique | key | keyref)*)). A problem was found starting at: attribute.
2024-09-12 18:34:27,223 [INFO] PluginManage:359 - Loaded plugin pinoutconfig (category:base,tabindex:0)
2024-09-12 18:34:27,223 [INFO] PluginManage:310 - Check plugin power
2024-09-12 18:34:27,236 [INFO] PluginManage:359 - Loaded plugin power (category:power,tabindex:4)
2024-09-12 18:34:27,236 [INFO] PluginManage:310 - Check plugin projectmanager
2024-09-12 18:34:27,272 [INFO] PluginManage:359 - Loaded plugin projectmanager (category:projectmanager,tabindex:4)
2024-09-12 18:34:27,272 [INFO] PluginManage:310 - Check plugin rif
2024-09-12 18:34:27,277 [INFO] PluginManage:359 - Loaded plugin rif (category:base,tabindex:3)
2024-09-12 18:34:27,277 [INFO] PluginManage:310 - Check plugin thirdparty
2024-09-12 18:34:27,461 [INFO] PluginManage:359 - Loaded plugin thirdparty (category:base,tabindex:-1)
2024-09-12 18:34:27,462 [INFO] PluginManage:310 - Check plugin tools
2024-09-12 18:34:27,461 [WARN] IntegrityCheckThread:84 - waiting for thirdparty lock release [integrity check]
2024-09-12 18:34:27,468 [INFO] IntegrityCheckThread:86 - entering critical section [integrity check]
2024-09-12 18:34:27,469 [INFO] ThirdPartyUpdaterWithRetryManager:70 - Updater plugin not ready yet. [1/15]
2024-09-12 18:34:27,470 [INFO] PluginManage:359 - Loaded plugin tools (category:base,tabindex:7)
2024-09-12 18:34:27,470 [INFO] PluginManage:310 - Check plugin tutovideos
2024-09-12 18:34:27,843 [INFO] PluginManage:359 - Loaded plugin tutovideos (category:base,tabindex:-1)
2024-09-12 18:34:27,845 [INFO] PluginManage:310 - Check plugin updater
2024-09-12 18:34:27,895 [INFO] PluginManage:359 - Loaded plugin updater (category:base,tabindex:12)
2024-09-12 18:34:27,896 [INFO] PluginManage:310 - Check plugin userauth
2024-09-12 18:34:27,913 [INFO] UserAuth:113 - Init User Auth plugin
2024-09-12 18:34:27,913 [INFO] PluginManage:359 - Loaded plugin userauth (category:base,tabindex:14)
2024-09-12 18:34:27,915 [INFO] PluginManage:283 - PluginManage : Loaded plugins [18]
2024-09-12 18:34:28,318 [INFO] PinOutPanel:1561 - setPackage(No Configuration,No Configuration)
2024-09-12 18:34:28,452 [INFO] CADModel:165 - CPN selected for project level
2024-09-12 18:34:28,453 [INFO] CADModel:114 - Register for checkConnection events
2024-09-12 18:34:28,474 [INFO] IPUIPlugin:80 - create IPUIPlugin
2024-09-12 18:34:28,475 [INFO] PluginManager:220 - loadIPPluginJar : add mdma
2024-09-12 18:34:28,481 [INFO] IPUIPlugin:80 - create IPUIPlugin
2024-09-12 18:34:28,482 [INFO] PluginManager:220 - loadIPPluginJar : add freertos
2024-09-12 18:34:28,485 [INFO] IPUIPlugin:80 - create IPUIPlugin
2024-09-12 18:34:28,485 [INFO] PluginManager:220 - loadIPPluginJar : add gic
2024-09-12 18:34:28,492 [INFO] IPUIPlugin:80 - create IPUIPlugin
2024-09-12 18:34:28,492 [INFO] PluginManager:220 - loadIPPluginJar : add adc
2024-09-12 18:34:28,494 [INFO] IPUIPlugin:80 - create IPUIPlugin
2024-09-12 18:34:28,494 [INFO] PluginManager:220 - loadIPPluginJar : add gtzc
2024-09-12 18:34:28,495 [INFO] IPUIPlugin:80 - create IPUIPlugin
2024-09-12 18:34:28,495 [INFO] PluginManager:220 - loadIPPluginJar : add quadspi
2024-09-12 18:34:28,497 [INFO] IPUIPlugin:80 - create IPUIPlugin
2024-09-12 18:34:28,497 [INFO] PluginManager:220 - loadIPPluginJar : add aes
2024-09-12 18:34:28,499 [INFO] IPUIPlugin:80 - create IPUIPlugin
2024-09-12 18:34:28,499 [INFO] PluginManager:220 - loadIPPluginJar : add pdm2pcm
2024-09-12 18:34:28,500 [INFO] IPUIPlugin:80 - create IPUIPlugin
2024-09-12 18:34:28,500 [INFO] PluginManager:220 - loadIPPluginJar : add hash
2024-09-12 18:34:28,501 [INFO] IPUIPlugin:80 - create IPUIPlugin
2024-09-12 18:34:28,501 [INFO] PluginManager:220 - loadIPPluginJar : add tim
2024-09-12 18:34:28,503 [INFO] IPUIPlugin:80 - create IPUIPlugin
2024-09-12 18:34:28,503 [INFO] PluginManager:220 - loadIPPluginJar : add tsc
2024-09-12 18:34:28,506 [INFO] IPUIPlugin:80 - create IPUIPlugin
2024-09-12 18:34:28,506 [INFO] PluginManager:220 - loadIPPluginJar : add extmemmanager
2024-09-12 18:34:28,508 [INFO] IPUIPlugin:80 - create IPUIPlugin
2024-09-12 18:34:28,509 [INFO] PluginManager:220 - loadIPPluginJar : add ts
2024-09-12 18:34:28,510 [INFO] IPUIPlugin:80 - create IPUIPlugin
2024-09-12 18:34:28,510 [INFO] PluginManager:220 - loadIPPluginJar : add radio
2024-09-12 18:34:28,512 [INFO] IPUIPlugin:80 - create IPUIPlugin
2024-09-12 18:34:28,512 [INFO] PluginManager:220 - loadIPPluginJar : add can
2024-09-12 18:34:28,513 [INFO] IPUIPlugin:80 - create IPUIPlugin
2024-09-12 18:34:28,513 [INFO] PluginManager:220 - loadIPPluginJar : add dma3
2024-09-12 18:34:28,515 [INFO] IPUIPlugin:80 - create IPUIPlugin
2024-09-12 18:34:28,515 [INFO] PluginManager:220 - loadIPPluginJar : add dfsdm
2024-09-12 18:34:28,516 [INFO] IPUIPlugin:80 - create IPUIPlugin
2024-09-12 18:34:28,516 [INFO] PluginManager:220 - loadIPPluginJar : add spi
2024-09-12 18:34:28,518 [INFO] IPUIPlugin:80 - create IPUIPlugin
2024-09-12 18:34:28,519 [INFO] PluginManager:220 - loadIPPluginJar : add gfxmmu
2024-09-12 18:34:28,520 [INFO] IPUIPlugin:80 - create IPUIPlugin
2024-09-12 18:34:28,520 [INFO] PluginManager:220 - loadIPPluginJar : add genericplugin
2024-09-12 18:34:28,521 [INFO] IPUIPlugin:80 - create IPUIPlugin
2024-09-12 18:34:28,521 [INFO] PluginManager:220 - loadIPPluginJar : add cryp
2024-09-12 18:34:28,525 [INFO] IPUIPlugin:80 - create IPUIPlugin
2024-09-12 18:34:28,525 [INFO] PluginManager:220 - loadIPPluginJar : add gpio
2024-09-12 18:34:28,527 [INFO] IPUIPlugin:80 - create IPUIPlugin
2024-09-12 18:34:28,527 [INFO] PluginManager:220 - loadIPPluginJar : add ddr_ctrl_phy
2024-09-12 18:34:28,528 [INFO] IPUIPlugin:80 - create IPUIPlugin
2024-09-12 18:34:28,528 [INFO] PluginManager:220 - loadIPPluginJar : add comp
2024-09-12 18:34:28,531 [INFO] IPUIPlugin:80 - create IPUIPlugin
2024-09-12 18:34:28,531 [INFO] PluginManager:220 - loadIPPluginJar : add tracer_emb
2024-09-12 18:34:28,533 [INFO] IPUIPlugin:80 - create IPUIPlugin
2024-09-12 18:34:28,533 [INFO] PluginManager:220 - loadIPPluginJar : add openamp
2024-09-12 18:34:28,537 [INFO] IPUIPlugin:80 - create IPUIPlugin
2024-09-12 18:34:28,537 [INFO] PluginManager:220 - loadIPPluginJar : add stm32_wpan
2024-09-12 18:34:28,540 [INFO] IPUIPlugin:80 - create IPUIPlugin
2024-09-12 18:34:28,552 [INFO] PluginManager:220 - loadIPPluginJar : add plateformsettings
2024-09-12 18:34:28,554 [INFO] IPUIPlugin:80 - create IPUIPlugin
2024-09-12 18:34:28,554 [INFO] PluginManager:220 - loadIPPluginJar : add ipddr
2024-09-12 18:34:28,556 [INFO] IPUIPlugin:80 - create IPUIPlugin
2024-09-12 18:34:28,556 [INFO] PluginManager:220 - loadIPPluginJar : add usart
2024-09-12 18:34:28,556 [INFO] IPUIPlugin:80 - create IPUIPlugin
2024-09-12 18:34:28,557 [INFO] PluginManager:220 - loadIPPluginJar : add ltdc
2024-09-12 18:34:28,559 [INFO] IPUIPlugin:80 - create IPUIPlugin
2024-09-12 18:34:28,559 [INFO] PluginManager:220 - loadIPPluginJar : add nvic
2024-09-12 18:34:28,559 [INFO] IPUIPlugin:80 - create IPUIPlugin
2024-09-12 18:34:28,559 [INFO] PluginManager:220 - loadIPPluginJar : add fatfs
2024-09-12 18:34:28,564 [INFO] IPUIPlugin:80 - create IPUIPlugin
2024-09-12 18:34:28,565 [INFO] PluginManager:220 - loadIPPluginJar : add linkedlist
2024-09-12 18:34:28,569 [INFO] IPUIPlugin:80 - create IPUIPlugin
2024-09-12 18:34:28,569 [INFO] PluginManager:220 - loadIPPluginJar : add dma
2024-09-12 18:34:28,574 [INFO] IPUIPlugin:80 - create IPUIPlugin
2024-09-12 18:34:28,574 [INFO] PluginManager:220 - loadIPPluginJar : add fmc
2024-09-12 18:34:28,577 [INFO] IPUIPlugin:80 - create IPUIPlugin
2024-09-12 18:34:28,577 [INFO] PluginManager:220 - loadIPPluginJar : add i2s
2024-09-12 18:34:28,579 [INFO] IPUIPlugin:80 - create IPUIPlugin
2024-09-12 18:34:28,579 [INFO] PluginManager:220 - loadIPPluginJar : add ucpd
2024-09-12 18:34:28,581 [INFO] IPUIPlugin:80 - create IPUIPlugin
2024-09-12 18:34:28,581 [INFO] PluginManager:220 - loadIPPluginJar : add lorawan
2024-09-12 18:34:28,584 [INFO] IPUIPlugin:80 - create IPUIPlugin
2024-09-12 18:34:28,584 [INFO] PluginManager:220 - loadIPPluginJar : add opamp
2024-09-12 18:34:28,586 [INFO] IPUIPlugin:80 - create IPUIPlugin
2024-09-12 18:34:28,586 [INFO] PluginManager:220 - loadIPPluginJar : add i3c
2024-09-12 18:34:28,588 [INFO] IPUIPlugin:80 - create IPUIPlugin
2024-09-12 18:34:28,588 [INFO] PluginManager:220 - loadIPPluginJar : add touchsensing
2024-09-12 18:34:28,590 [INFO] IPUIPlugin:80 - create IPUIPlugin
2024-09-12 18:34:28,590 [INFO] PluginManager:220 - loadIPPluginJar : add i2c
2024-09-12 18:34:28,593 [INFO] IPUIPlugin:80 - create IPUIPlugin
2024-09-12 18:34:28,593 [INFO] PluginManager:220 - loadIPPluginJar : add resmgrutility
2024-09-12 18:34:28,594 [INFO] IPUIPlugin:80 - create IPUIPlugin
2024-09-12 18:34:28,594 [INFO] PluginManager:220 - loadIPPluginJar : add sai
2024-09-12 18:34:28,597 [INFO] IPUIPlugin:80 - create IPUIPlugin
2024-09-12 18:34:28,597 [INFO] PluginManager:220 - loadIPPluginJar : add usbx
2024-09-12 18:34:28,736 [INFO] CADModel:165 - CPN selected for project level
2024-09-12 18:34:28,740 [INFO] CADModel:114 - Register for checkConnection events
2024-09-12 18:34:28,749 [FATAL] Updater:334 - Updater called before beeing initialized
2024-09-12 18:34:28,752 [ERROR] CADModel:125 - Updater not yet initialized, retry later 
2024-09-12 18:34:29,134 [INFO] CADModel:165 - CPN selected for project level
2024-09-12 18:34:29,134 [INFO] CADModel:114 - Register for checkConnection events
2024-09-12 18:34:29,134 [FATAL] Updater:334 - Updater called before beeing initialized
2024-09-12 18:34:29,134 [ERROR] CADModel:125 - Updater not yet initialized, retry later 
2024-09-12 18:34:29,139 [FATAL] Updater:334 - Updater called before beeing initialized
2024-09-12 18:34:29,366 [FATAL] Updater:334 - Updater called before beeing initialized
2024-09-12 18:34:29,374 [INFO] DbMcusAds:53 - JSON generation date=Thu May 16 12:22:00 TRT 2024 (1715851320667)
2024-09-12 18:34:29,374 [FATAL] Updater:334 - Updater called before beeing initialized
2024-09-12 18:34:29,459 [WARN] DetailPanel:346 - Failed to get advertising image, set to default
2024-09-12 18:34:29,588 [FATAL] Updater:334 - Updater called before beeing initialized
2024-09-12 18:34:29,592 [FATAL] Updater:334 - Updater called before beeing initialized
2024-09-12 18:34:29,593 [FATAL] Updater:334 - Updater called before beeing initialized
2024-09-12 18:34:29,593 [WARN] DetailPanel:346 - Failed to get advertising image, set to default
2024-09-12 18:34:29,595 [FATAL] Updater:334 - Updater called before beeing initialized
2024-09-12 18:34:29,678 [ERROR] Updater:1164 - MainUpdater not yet initialized. External WinMGr cannot be set.
2024-09-12 18:34:29,686 [INFO] Updater:1100 - Updater Version found : 6.12.0
2024-09-12 18:34:29,704 [INFO] ApplicationProperties:184 - Using Application install path: /Applications/STM32CubeIDE.app/Contents/Eclipse/plugins/com.st.stm32cube.common.mx_6.12.0.202406281431
2024-09-12 18:34:30,102 [INFO] MainUpdater:2873 - connection check result : 10
2024-09-12 18:34:30,103 [INFO] MainUpdater:290 - Updater Check For Update Now.
2024-09-12 18:34:30,103 [INFO] MicroXplorer:498 - Change Database Version : DB.6.0.120
2024-09-12 18:34:30,110 [INFO] McuFinderGlobals:63 - Set McuFinder mode to 2 (CubeIDE integrated)
2024-09-12 18:34:30,111 [INFO] UserAuth:179 - activating auth plugin
2024-09-12 18:34:30,141 [INFO] UserAuth:417 - Internet connection configuration mode: 1
2024-09-12 18:34:30,156 [INFO] JxBrowserEngine:152 - Initiate JxBrowser Engine with user profile folder
2024-09-12 18:34:30,404 [INFO] CheckServerUpdateThread:120 - End of CheckServer Thread
2024-09-12 18:34:30,782 [WARN] PackLoader:240 - Cannot read IP mode file for STMicroelectronics.FP-SNS-MOTENVWB1.1.4.0
2024-09-12 18:34:30,821 [WARN] PackLoader:240 - Cannot read IP mode file for STMicroelectronics.X-CUBE-SMBUS.2.1.0
2024-09-12 18:34:30,888 [WARN] PackLoader:240 - Cannot read IP mode file for STMicroelectronics.X-CUBE-AZRTOS-F7.1.1.0
2024-09-12 18:34:31,087 [WARN] PackLoader:240 - Cannot read IP mode file for STMicroelectronics.X-CUBE-MEMS1.11.0.0
2024-09-12 18:34:31,558 [WARN] PackLoader:240 - Cannot read IP mode file for STMicroelectronics.FP-SNS-FLIGHT1.5.0.2
2024-09-12 18:34:31,606 [WARN] PackLoader:240 - Cannot read IP mode file for STMicroelectronics.X-CUBE-DISPLAY.3.0.0
2024-09-12 18:34:31,637 [WARN] PackLoader:240 - Cannot read IP mode file for STMicroelectronics.X-CUBE-BLE1.7.0.0
2024-09-12 18:34:31,669 [WARN] PackLoader:240 - Cannot read IP mode file for emotas.I-CUBE-CANOPEN.1.3.0
2024-09-12 18:34:31,702 [WARN] PackLoader:240 - Cannot read IP mode file for STMicroelectronics.X-CUBE-BLEMGR.3.1.0
2024-09-12 18:34:31,721 [WARN] PackLoader:240 - Cannot read IP mode file for STMicroelectronics.FP-SNS-SMARTAG2.1.2.0
2024-09-12 18:34:31,740 [INFO] LogOutputStream:77 - [STDOUT_REDIRECT] 1 : Invalid condition id : UX_CORESTACK_Condition cause : null
2024-09-12 18:34:31,743 [INFO] LogOutputStream:77 - [STDOUT_REDIRECT] 1 : Invalid condition id : UX_CORESTACK_Condition cause : null
2024-09-12 18:34:31,744 [INFO] LogOutputStream:77 - [STDOUT_REDIRECT] 1 : Invalid condition id : UX_CORESTACK_Condition cause : null
2024-09-12 18:34:31,746 [INFO] LogOutputStream:77 - [STDOUT_REDIRECT] 1 : Invalid condition id : UX_CORESTACK_Condition cause : null
2024-09-12 18:34:31,747 [INFO] LogOutputStream:77 - [STDOUT_REDIRECT] 1 : Invalid condition id : UX_CORESTACK_Condition cause : null
2024-09-12 18:34:31,768 [WARN] PackLoader:240 - Cannot read IP mode file for STMicroelectronics.X-CUBE-AZRTOS-WL.2.0.0
2024-09-12 18:34:31,780 [WARN] PackLoader:240 - Cannot read IP mode file for STMicroelectronics.FP-SNS-MOTENV1.5.0.0
2024-09-12 18:34:31,790 [WARN] PackLoader:240 - Cannot read IP mode file for wolfSSL.I-CUBE-wolfMQTT.1.19.0
2024-09-12 18:34:31,804 [WARN] PackLoader:240 - Cannot read IP mode file for WES.I-CUBE-Cesium.1.3.0
2024-09-12 18:34:31,821 [WARN] PackLoader:240 - Cannot read IP mode file for STMicroelectronics.X-CUBE-BLE2.3.3.0
2024-09-12 18:34:31,832 [WARN] PackLoader:240 - Cannot read IP mode file for STMicroelectronics.X-CUBE-TCPP.4.1.0
2024-09-12 18:34:31,878 [WARN] PackLoader:240 - Cannot read IP mode file for STMicroelectronics.X-CUBE-AZRTOS-G0.1.1.0
2024-09-12 18:34:31,904 [WARN] PackLoader:240 - Cannot read IP mode file for STMicroelectronics.X-CUBE-SAFEA1.1.2.2
2024-09-12 18:34:31,918 [WARN] PackLoader:240 - Cannot read IP mode file for STMicroelectronics.X-CUBE-NFC4.3.0.0
2024-09-12 18:34:31,942 [WARN] PackLoader:240 - Cannot read IP mode file for EmbeddedOffice.I-CUBE-FS-RTOS.1.0.1
2024-09-12 18:34:31,944 [ERROR] ConditionMgr:805 - Attr not supported : Dmpu
2024-09-12 18:34:31,946 [ERROR] ConditionMgr:805 - Attr not supported : Dmpu
2024-09-12 18:34:31,946 [ERROR] ConditionMgr:805 - Attr not supported : Dmpu
2024-09-12 18:34:31,946 [ERROR] ConditionMgr:805 - Attr not supported : Dmpu
2024-09-12 18:34:31,946 [ERROR] ConditionMgr:805 - Attr not supported : Dmpu
2024-09-12 18:34:31,946 [ERROR] ConditionMgr:805 - Attr not supported : Dmpu
2024-09-12 18:34:31,946 [ERROR] ConditionMgr:805 - Attr not supported : Dmpu
2024-09-12 18:34:31,946 [ERROR] ConditionMgr:805 - Attr not supported : Dmpu
2024-09-12 18:34:31,946 [ERROR] ConditionMgr:805 - Attr not supported : Dmpu
2024-09-12 18:34:31,946 [ERROR] ConditionMgr:805 - Attr not supported : Dmpu
2024-09-12 18:34:31,947 [ERROR] ConditionMgr:805 - Attr not supported : Dmpu
2024-09-12 18:34:31,947 [ERROR] ConditionMgr:805 - Attr not supported : Dmpu
2024-09-12 18:34:31,947 [ERROR] ConditionMgr:805 - Attr not supported : Dmpu
2024-09-12 18:34:31,947 [ERROR] ConditionMgr:805 - Attr not supported : Dmpu
2024-09-12 18:34:31,947 [ERROR] ConditionMgr:805 - Attr not supported : Dmpu
2024-09-12 18:34:31,947 [ERROR] ConditionMgr:805 - Attr not supported : Dmpu
2024-09-12 18:34:31,947 [ERROR] ConditionMgr:805 - Attr not supported : Dmpu
2024-09-12 18:34:31,947 [ERROR] ConditionMgr:805 - Attr not supported : Dmpu
2024-09-12 18:34:31,947 [ERROR] ConditionMgr:805 - Attr not supported : Dmpu
2024-09-12 18:34:31,947 [ERROR] ConditionMgr:805 - Attr not supported : Dmpu
2024-09-12 18:34:31,947 [ERROR] ConditionMgr:805 - Attr not supported : Dmpu
2024-09-12 18:34:31,947 [ERROR] ConditionMgr:805 - Attr not supported : Dmpu
2024-09-12 18:34:31,947 [ERROR] ConditionMgr:805 - Attr not supported : Dmpu
2024-09-12 18:34:31,947 [ERROR] ConditionMgr:805 - Attr not supported : Dmpu
2024-09-12 18:34:31,948 [ERROR] ConditionMgr:805 - Attr not supported : Dmpu
2024-09-12 18:34:31,948 [ERROR] ConditionMgr:805 - Attr not supported : Dmpu
2024-09-12 18:34:31,949 [ERROR] ConditionMgr:805 - Attr not supported : Dmpu
2024-09-12 18:34:31,949 [ERROR] ConditionMgr:805 - Attr not supported : Dmpu
2024-09-12 18:34:31,949 [ERROR] ConditionMgr:805 - Attr not supported : Dmpu
2024-09-12 18:34:31,949 [ERROR] ConditionMgr:805 - Attr not supported : Dmpu
2024-09-12 18:34:31,949 [ERROR] ConditionMgr:805 - Attr not supported : Dmpu
2024-09-12 18:34:31,949 [ERROR] ConditionMgr:805 - Attr not supported : Dmpu
2024-09-12 18:34:31,949 [ERROR] ConditionMgr:805 - Attr not supported : Dmpu
2024-09-12 18:34:31,950 [ERROR] ConditionMgr:805 - Attr not supported : Dmpu
2024-09-12 18:34:31,951 [ERROR] ConditionMgr:805 - Attr not supported : Dmpu
2024-09-12 18:34:31,953 [ERROR] ConditionMgr:805 - Attr not supported : Dmpu
2024-09-12 18:34:31,955 [ERROR] ConditionMgr:805 - Attr not supported : Dmpu
2024-09-12 18:34:31,958 [ERROR] ConditionMgr:805 - Attr not supported : Dmpu
2024-09-12 18:34:31,962 [ERROR] ConditionMgr:805 - Attr not supported : Dmpu
2024-09-12 18:34:31,962 [ERROR] ConditionMgr:805 - Attr not supported : Dmpu
2024-09-12 18:34:31,962 [ERROR] ConditionMgr:805 - Attr not supported : Dmpu
2024-09-12 18:34:31,962 [ERROR] ConditionMgr:805 - Attr not supported : Dmpu
2024-09-12 18:34:31,962 [ERROR] ConditionMgr:805 - Attr not supported : Dmpu
2024-09-12 18:34:31,962 [ERROR] ConditionMgr:805 - Attr not supported : Dmpu
2024-09-12 18:34:31,962 [ERROR] ConditionMgr:805 - Attr not supported : Dmpu
2024-09-12 18:34:31,963 [ERROR] ConditionMgr:805 - Attr not supported : Dmpu
2024-09-12 18:34:31,963 [ERROR] ConditionMgr:805 - Attr not supported : Dmpu
2024-09-12 18:34:31,963 [ERROR] ConditionMgr:805 - Attr not supported : Dmpu
2024-09-12 18:34:31,963 [ERROR] ConditionMgr:805 - Attr not supported : Dmpu
2024-09-12 18:34:31,963 [ERROR] ConditionMgr:805 - Attr not supported : Dmpu
2024-09-12 18:34:31,963 [ERROR] ConditionMgr:805 - Attr not supported : Dmpu
2024-09-12 18:34:31,963 [ERROR] ConditionMgr:805 - Attr not supported : Dmpu
2024-09-12 18:34:31,963 [ERROR] ConditionMgr:805 - Attr not supported : Dmpu
2024-09-12 18:34:31,963 [ERROR] ConditionMgr:805 - Attr not supported : Dmpu
2024-09-12 18:34:31,963 [ERROR] ConditionMgr:805 - Attr not supported : Dmpu
2024-09-12 18:34:31,963 [ERROR] ConditionMgr:805 - Attr not supported : Dmpu
2024-09-12 18:34:31,963 [ERROR] ConditionMgr:805 - Attr not supported : Dmpu
2024-09-12 18:34:31,963 [ERROR] ConditionMgr:805 - Attr not supported : Dmpu
2024-09-12 18:34:31,963 [ERROR] ConditionMgr:805 - Attr not supported : Dmpu
2024-09-12 18:34:31,963 [ERROR] ConditionMgr:805 - Attr not supported : Dmpu
2024-09-12 18:34:31,963 [ERROR] ConditionMgr:805 - Attr not supported : Dmpu
2024-09-12 18:34:31,963 [ERROR] ConditionMgr:805 - Attr not supported : Dmpu
2024-09-12 18:34:31,963 [ERROR] ConditionMgr:805 - Attr not supported : Dmpu
2024-09-12 18:34:31,963 [ERROR] ConditionMgr:805 - Attr not supported : Dmpu
2024-09-12 18:34:31,975 [WARN] PackLoader:240 - Cannot read IP mode file for RealThread.X-CUBE-RT-Thread_Nano.4.1.1
2024-09-12 18:34:31,982 [WARN] PackLoader:240 - Cannot read IP mode file for STMicroelectronics.FP-ATR-SIGFOX1.3.2.0
2024-09-12 18:34:31,989 [WARN] PackLoader:240 - Cannot read IP mode file for wolfSSL.I-CUBE-wolfSSL.5.7.2
2024-09-12 18:34:31,996 [WARN] PackLoader:240 - Cannot read IP mode file for STMicroelectronics.X-CUBE-EEPRMA1.5.1.0
2024-09-12 18:34:32,006 [WARN] PackLoader:240 - Cannot read IP mode file for ITTIA_DB.I-CUBE-ITTIADB.8.9.0
2024-09-12 18:34:32,094 [WARN] PackLoader:240 - Cannot read IP mode file for SEGGER.I-CUBE-embOS.1.3.1
2024-09-12 18:34:32,229 [WARN] PackLoader:240 - Cannot read IP mode file for STMicroelectronics.X-CUBE-ALGOBUILD.1.4.0
2024-09-12 18:34:32,238 [WARN] PackLoader:240 - Cannot read IP mode file for STMicroelectronics.X-CUBE-GNSS1.6.0.0
2024-09-12 18:34:32,269 [WARN] PackLoader:240 - Cannot read IP mode file for STMicroelectronics.X-CUBE-AZRTOS-F4.1.1.0
2024-09-12 18:34:32,296 [WARN] PackLoader:240 - Cannot read IP mode file for STMicroelectronics.X-CUBE-FREERTOS.1.2.0
2024-09-12 18:34:32,342 [WARN] PackLoader:240 - Cannot read IP mode file for STMicroelectronics.X-CUBE-AZRTOS-L5.2.0.0
2024-09-12 18:34:32,366 [WARN] PackLoader:240 - Cannot read IP mode file for STMicroelectronics.X-CUBE-NFC6.3.1.0
2024-09-12 18:34:32,378 [WARN] PackLoader:240 - Cannot read IP mode file for STMicroelectronics.X-CUBE-DPower.1.2.0
2024-09-12 18:34:32,384 [WARN] PackLoader:240 - Cannot read IP mode file for STMicroelectronics.X-CUBE-AI.9.0.0
2024-09-12 18:34:32,391 [WARN] PackLoader:240 - Cannot read IP mode file for STMicroelectronics.X-CUBE-NFC7.1.0.1
2024-09-12 18:34:32,397 [WARN] PackLoader:240 - Cannot read IP mode file for wolfSSL.I-CUBE-wolfTPM.3.2.0
2024-09-12 18:34:32,429 [WARN] ConditionMgr:438 - getConditionDescription Invalid condition id : LAN8742 Phy interface Condition cause : null
2024-09-12 18:34:32,431 [WARN] PackLoader:240 - Cannot read IP mode file for STMicroelectronics.X-CUBE-AZRTOS-L4.2.0.0
2024-09-12 18:34:32,440 [WARN] ConditionMgr:1039 - genDependencies : Invalid condition id : LAN8742 Phy interface Condition cause : null
2024-09-12 18:34:32,441 [WARN] ConditionMgr:1039 - genDependencies : Invalid condition id : LAN8742 Phy interface Condition cause : null
2024-09-12 18:34:32,443 [WARN] ConditionMgr:1039 - genDependencies : Invalid condition id : LAN8742 Phy interface Condition cause : null
2024-09-12 18:34:32,467 [WARN] PackLoader:240 - Cannot read IP mode file for STMicroelectronics.X-CUBE-SFXS2LP1.4.0.0
2024-09-12 18:34:32,521 [WARN] PackLoader:240 - Cannot read IP mode file for STMicroelectronics.X-CUBE-AZRTOS-H7.3.3.0
2024-09-12 18:34:32,558 [WARN] ConditionMgr:438 - getConditionDescription Invalid condition id : UX DEVICE CLASS RTOS Condition cause : null
2024-09-12 18:34:32,558 [WARN] ConditionMgr:438 - getConditionDescription Invalid condition id : UX DEVICE CLASS RTOS Condition cause : null
2024-09-12 18:34:32,564 [WARN] PackLoader:240 - Cannot read IP mode file for STMicroelectronics.X-CUBE-AZRTOS-WB.2.0.0
2024-09-12 18:34:32,566 [WARN] ConditionMgr:1039 - genDependencies : Invalid condition id : UX DEVICE CLASS RTOS Condition cause : null
2024-09-12 18:34:32,566 [WARN] ConditionMgr:1039 - genDependencies : Invalid condition id : UX DEVICE CLASS RTOS Condition cause : null
2024-09-12 18:34:32,567 [WARN] ConditionMgr:1039 - genDependencies : Invalid condition id : UX DEVICE CLASS RTOS Condition cause : null
2024-09-12 18:34:32,568 [WARN] ConditionMgr:1039 - genDependencies : Invalid condition id : UX DEVICE CLASS RTOS Condition cause : null
2024-09-12 18:34:32,568 [WARN] ConditionMgr:1039 - genDependencies : Invalid condition id : UX DEVICE CLASS RTOS Condition cause : null
2024-09-12 18:34:32,578 [WARN] PackLoader:240 - Cannot read IP mode file for STMicroelectronics.X-CUBE-GNSS1.7.0.0
2024-09-12 18:34:32,593 [WARN] PackLoader:240 - Cannot read IP mode file for STMicroelectronics.FP-SNS-STBOX1.2.0.0
2024-09-12 18:34:32,618 [WARN] PackLoader:240 - Cannot read IP mode file for STMicroelectronics.X-CUBE-SUBG2.5.0.0
2024-09-12 18:34:32,637 [WARN] PackLoader:240 - Cannot read IP mode file for Cesanta.I-CUBE-Mongoose.7.13.0
2024-09-12 18:34:32,660 [WARN] PackLoader:240 - Cannot read IP mode file for STMicroelectronics.X-CUBE-AZRTOS-G4.2.0.0
2024-09-12 18:34:32,670 [WARN] PackLoader:240 - Cannot read IP mode file for STMicroelectronics.X-CUBE-ISPU.2.0.0
2024-09-12 18:34:32,675 [WARN] PackLoader:240 - Cannot read IP mode file for STMicroelectronics.X-CUBE-ALS.1.0.2
2024-09-12 18:34:32,826 [WARN] PackLoader:240 - Cannot read IP mode file for STMicroelectronics.X-CUBE-MEMS1.10.0.0
2024-09-12 18:34:33,044 [WARN] PackLoader:240 - Cannot read IP mode file for STMicroelectronics.X-CUBE-TOUCHGFX.4.24.0
2024-09-12 18:34:33,074 [WARN] PackLoader:240 - Cannot read IP mode file for portGmbH.I-Cube-SoM-uGOAL.1.1.0
2024-09-12 18:34:33,122 [WARN] PackLoader:240 - Cannot read IP mode file for STMicroelectronics.X-CUBE-AZRTOS-H7RS.1.0.0
2024-09-12 18:34:33,155 [WARN] PackLoader:240 - Cannot read IP mode file for STMicroelectronics.FP-ATR-ASTRA1.2.0.0
2024-09-12 18:34:33,184 [WARN] PackLoader:240 - Cannot read IP mode file for STMicroelectronics.X-CUBE-TOF1.3.4.2
2024-09-12 18:34:33,252 [WARN] PackLoader:240 - Cannot read IP mode file for STMicroelectronics.X-CUBE-AZRTOS-H7.3.2.0
2024-09-12 18:34:33,294 [WARN] PackLoader:240 - Cannot read IP mode file for Infineon.AIROC-Wi-Fi-Bluetooth-STM32.1.6.0
2024-09-12 18:34:33,334 [WARN] PackLoader:240 - Cannot read IP mode file for wolfSSL.I-CUBE-wolfSSH.1.4.17
2024-09-12 18:34:33,345 [INFO] ThirdParty:978 - Integrity check success = true
2024-09-12 18:34:33,345 [INFO] IntegrityCheckThread:100 - exiting critical section [integrity check]
2024-09-12 18:34:33,345 [INFO] IntegrityCheckThread:103 - End integrity checks thread
2024-09-12 18:34:35,408 [INFO] WebApp:167 - Instantiating new browser for Auth
2024-09-12 18:34:37,678 [INFO] WebApp:448 - Apply proxy settings
2024-09-12 18:34:37,706 [INFO] WebApp:493 - Chromium authenticates against Manually configured proxy
2024-09-12 18:34:37,745 [INFO] WebApp:501 - Username used for proxy authentication: 
2024-09-12 18:34:37,846 [INFO] WebApp:869 - Register for checkConnection events
2024-09-12 18:34:37,846 [INFO] WebApp:448 - Apply proxy settings
2024-09-12 18:34:37,850 [INFO] WebApp:493 - Chromium authenticates against Manually configured proxy
2024-09-12 18:34:37,850 [INFO] WebApp:501 - Username used for proxy authentication: 
2024-09-12 18:34:38,091 [INFO] WebApp:220 - Starting web application
2024-09-12 18:34:38,094 [INFO] WebApp:578 - Web application path used /Applications/STM32CubeIDE.app/Contents/Eclipse/plugins/com.st.stm32cube.common.mx_6.12.0.202406281431/db/plugins/mcufinder/reactClient1/index.html
2024-09-12 18:34:39,129 [INFO] WebApp:186 - Connection restablished
